2023-11-02 10:54:55,356 INFO [test_flights_search] | test_flights_search.py(test_flights_search:24) | - Entering FLIGHTS page
2023-11-02 11:05:43,369 INFO [test_flights_search] | test_flights_search.py(test_flights_search:24) | - Entering FLIGHTS page
2023-11-02 11:11:01,107 INFO [test_flights_search] | test_flights_search.py(test_flights_search:24) | - Entering FLIGHTS page
2023-11-02 11:13:34,108 INFO [test_flights_search] | test_flights_search.py(test_flights_search:24) | - Entering FLIGHTS page
2023-11-02 11:15:20,175 INFO [test_flights_search] | test_flights_search.py(test_flights_search:24) | - Entering FLIGHTS page
2023-11-02 11:20:11,187 INFO [test_flights_search] | test_flights_search.py(test_flights_search:24) | - Entering FLIGHTS page
2023-11-02 11:20:11,187 INFO [test_flights_search] | test_flights_search.py(test_flights_search:25) | - flights type selected is: Economy
2023-11-02 11:29:39,850 INFO [test_flights_search] | test_flights_search.py(test_flights_search:24) | - Entering FLIGHTS page
2023-11-02 11:29:40,035 INFO [test_flights_search] | test_flights_search.py(test_flights_search:26) | - flights type selected is: Economy
2023-11-02 11:29:40,468 INFO [test_flights_search] | test_flights_search.py(test_flights_search:29) | - one way is selected
2023-11-02 11:34:02,555 INFO [test_flights_search] | test_flights_search.py(test_flights_search:24) | - Entering FLIGHTS page
2023-11-02 11:34:02,665 INFO [test_flights_search] | test_flights_search.py(test_flights_search:26) | - flights type selected is: Economy
2023-11-02 11:34:03,092 INFO [test_flights_search] | test_flights_search.py(test_flights_search:29) | - one way is selected
2023-11-02 11:35:38,105 INFO [test_flights_search] | test_flights_search.py(test_flights_search:24) | - Entering FLIGHTS page
2023-11-02 11:35:38,779 INFO [test_flights_search] | test_flights_search.py(test_flights_search:26) | - flights type selected is: Economy
2023-11-02 11:35:38,829 INFO [test_flights_search] | test_flights_search.py(test_flights_search:29) | - one way is selected
2023-11-02 11:37:42,503 INFO [test_flights_search] | test_flights_search.py(test_flights_search:24) | - Entering FLIGHTS page
2023-11-02 11:37:42,615 INFO [test_flights_search] | test_flights_search.py(test_flights_search:26) | - flights type selected is: Economy
2023-11-02 11:37:43,041 INFO [test_flights_search] | test_flights_search.py(test_flights_search:29) | - one way is selected
2023-11-02 11:40:53,109 INFO [test_flights_search] | test_flights_search.py(test_flights_search:24) | - Entering FLIGHTS page
2023-11-02 11:40:53,784 INFO [test_flights_search] | test_flights_search.py(test_flights_search:26) | - flights type selected is: Economy
2023-11-02 11:40:53,836 INFO [test_flights_search] | test_flights_search.py(test_flights_search:29) | - one way is selected
2023-11-02 11:45:04,331 INFO [test_flights_search] | test_flights_search.py(test_flights_search:26) | - Entering FLIGHTS page
2023-11-02 11:45:04,448 INFO [test_flights_search] | test_flights_search.py(test_flights_search:28) | - flights type selected is: Economy
2023-11-02 11:45:04,874 INFO [test_flights_search] | test_flights_search.py(test_flights_search:31) | - one way is selected
2023-11-02 11:46:12,112 INFO [test_flights_search] | test_flights_search.py(test_flights_search:27) | - Entering FLIGHTS page
2023-11-02 11:46:12,780 INFO [test_flights_search] | test_flights_search.py(test_flights_search:29) | - flights type selected is: Economy
2023-11-02 11:46:12,827 INFO [test_flights_search] | test_flights_search.py(test_flights_search:32) | - one way is selected
2023-11-02 11:52:49,640 INFO [test_flights_search] | test_flights_search.py(test_flights_search:28) | - Entering FLIGHTS page
2023-11-02 11:52:49,817 INFO [test_flights_search] | test_flights_search.py(test_flights_search:30) | - flights type selected is: Economy
2023-11-02 11:52:50,249 INFO [test_flights_search] | test_flights_search.py(test_flights_search:33) | - one way is selected
2023-11-02 11:55:07,960 INFO [test_flights_search] | test_flights_search.py(test_flights_search:28) | - Entering FLIGHTS page
2023-11-02 11:55:08,051 INFO [test_flights_search] | test_flights_search.py(test_flights_search:30) | - flights type selected is: Economy
2023-11-02 11:55:08,517 INFO [test_flights_search] | test_flights_search.py(test_flights_search:33) | - one way is selected
2023-11-02 11:58:41,924 INFO [test_flights_search] | test_flights_search.py(test_flights_search:28) | - Entering FLIGHTS page
2023-11-02 11:58:42,594 INFO [test_flights_search] | test_flights_search.py(test_flights_search:30) | - flights type selected is: Economy
2023-11-02 11:58:42,636 INFO [test_flights_search] | test_flights_search.py(test_flights_search:33) | - one way is selected
2023-11-02 12:01:44,268 INFO [test_flights_search] | test_flights_search.py(test_flights_search:28) | - Entering FLIGHTS page
2023-11-02 12:01:44,363 INFO [test_flights_search] | test_flights_search.py(test_flights_search:30) | - flights type selected is: Economy
2023-11-02 12:01:44,770 INFO [test_flights_search] | test_flights_search.py(test_flights_search:33) | - one way is selected
2023-11-02 12:03:43,542 INFO [test_flights_search] | test_flights_search.py(test_flights_search:28) | - Entering FLIGHTS page
2023-11-02 12:03:43,682 INFO [test_flights_search] | test_flights_search.py(test_flights_search:30) | - flights type selected is: Economy
2023-11-02 12:03:44,099 INFO [test_flights_search] | test_flights_search.py(test_flights_search:33) | - one way is selected
2023-11-02 12:08:25,174 INFO [test_flights_search] | test_flights_search.py(test_flights_search:28) | - Entering FLIGHTS page
2023-11-02 12:08:25,278 INFO [test_flights_search] | test_flights_search.py(test_flights_search:30) | - flights type selected is: Economy
2023-11-02 12:08:25,699 INFO [test_flights_search] | test_flights_search.py(test_flights_search:33) | - one way is selected
2023-11-02 12:11:07,820 INFO [test_flights_search] | test_flights_search.py(test_flights_search:28) | - Entering FLIGHTS page
2023-11-02 12:11:08,431 INFO [test_flights_search] | test_flights_search.py(test_flights_search:30) | - flights type selected is: Economy
2023-11-02 12:11:08,481 INFO [test_flights_search] | test_flights_search.py(test_flights_search:33) | - one way is selected
2023-11-02 12:17:53,858 INFO [test_flights_search] | test_flights_search.py(test_flights_search:28) | - Entering FLIGHTS page
2023-11-02 12:17:54,515 INFO [test_flights_search] | test_flights_search.py(test_flights_search:30) | - flights type selected is: Economy
2023-11-02 12:17:54,564 INFO [test_flights_search] | test_flights_search.py(test_flights_search:33) | - one way is selected
2023-11-02 12:17:54,813 INFO [test_flights_search] | test_flights_search.py(test_flights_search:42) | - flying from LHESYD
2023-11-02 12:18:59,789 INFO [test_flights_search] | test_flights_search.py(test_flights_search:28) | - Entering FLIGHTS page
2023-11-02 12:18:59,930 INFO [test_flights_search] | test_flights_search.py(test_flights_search:30) | - flights type selected is: Economy
2023-11-02 12:19:00,397 INFO [test_flights_search] | test_flights_search.py(test_flights_search:33) | - one way is selected
2023-11-02 12:25:47,592 INFO [test_flights_search] | test_flights_search.py(test_flights_search:24) | - Entering FLIGHTS page
2023-11-02 12:25:48,187 INFO [test_flights_search] | test_flights_search.py(test_flights_search:27) | - flights type selected is: Economy
2023-11-02 12:25:48,235 INFO [test_flights_search] | test_flights_search.py(test_flights_search:31) | - one way is selected
2023-11-02 12:26:46,694 INFO [test_flights_search] | test_flights_search.py(test_flights_search:24) | - Entering FLIGHTS page
2023-11-02 12:26:46,803 INFO [test_flights_search] | test_flights_search.py(test_flights_search:27) | - flights type selected is: Economy
2023-11-02 12:26:47,216 INFO [test_flights_search] | test_flights_search.py(test_flights_search:31) | - one way is selected
2023-11-02 12:26:47,412 INFO [test_flights_search] | test_flights_search.py(test_flights_search:38) | - flying from SYD
2023-11-02 12:30:48,224 INFO [test_flights_search] | test_flights_search.py(test_flights_search:24) | - Entering FLIGHTS page
2023-11-02 12:30:48,351 INFO [test_flights_search] | test_flights_search.py(test_flights_search:27) | - flights type selected is: Economy
2023-11-02 12:30:48,759 INFO [test_flights_search] | test_flights_search.py(test_flights_search:31) | - one way is selected
2023-11-02 12:30:48,969 INFO [test_flights_search] | test_flights_search.py(test_flights_search:38) | - flying from SYD
2023-11-02 12:30:49,097 INFO [test_flights_search] | test_flights_search.py(test_flights_search:42) | - destination to DEL
2023-11-02 12:33:15,441 INFO [test_flights_search] | test_flights_search.py(test_flights_search:24) | - Entering FLIGHTS page
2023-11-02 12:33:16,051 INFO [test_flights_search] | test_flights_search.py(test_flights_search:27) | - flights type selected is: Economy
2023-11-02 12:33:16,111 INFO [test_flights_search] | test_flights_search.py(test_flights_search:31) | - one way is selected
2023-11-02 12:33:16,333 INFO [test_flights_search] | test_flights_search.py(test_flights_search:38) | - flying from SYD
2023-11-02 12:33:16,463 INFO [test_flights_search] | test_flights_search.py(test_flights_search:42) | - destination to DEL
2023-11-02 12:37:01,234 INFO [test_flights_search] | test_flights_search.py(test_flights_search:24) | - Entering FLIGHTS page
2023-11-02 12:37:01,340 INFO [test_flights_search] | test_flights_search.py(test_flights_search:27) | - flights type selected is: Economy
2023-11-02 12:37:01,728 INFO [test_flights_search] | test_flights_search.py(test_flights_search:31) | - one way is selected
2023-11-02 12:37:01,943 INFO [test_flights_search] | test_flights_search.py(test_flights_search:38) | - flying from SYD
2023-11-02 12:37:02,074 INFO [test_flights_search] | test_flights_search.py(test_flights_search:42) | - destination to DEL
2023-11-02 12:37:02,157 INFO [test_flights_search] | test_flights_search.py(test_flights_search:45) | - depart date is  30/10/2023
2023-11-02 12:41:55,324 INFO [test_flights_search] | test_flights_search.py(test_flights_search:25) | - Entering FLIGHTS page
2023-11-02 12:41:55,991 INFO [test_flights_search] | test_flights_search.py(test_flights_search:28) | - flights type selected is: Economy
2023-11-02 12:41:56,040 INFO [test_flights_search] | test_flights_search.py(test_flights_search:32) | - one way is selected
2023-11-02 12:41:56,281 INFO [test_flights_search] | test_flights_search.py(test_flights_search:39) | - flying from SYD
2023-11-02 12:41:56,415 INFO [test_flights_search] | test_flights_search.py(test_flights_search:43) | - destination to DEL
2023-11-02 12:41:56,499 INFO [test_flights_search] | test_flights_search.py(test_flights_search:46) | - depart date is  30/10/2023
2023-11-02 12:41:56,741 INFO [test_flights_search] | test_flights_search.py(test_flights_search:56) | - number of adults are  1
2023-11-02 12:41:56,940 INFO [test_flights_search] | test_flights_search.py(test_flights_search:61) | - number of children are  1
2023-11-02 12:41:57,080 INFO [test_flights_search] | test_flights_search.py(test_flights_search:66) | - number of infants are  1
2023-11-02 13:32:33,418 INFO [test_flights_search] | test_flights_search.py(test_flights_search:25) | - Entering FLIGHTS page
2023-11-02 13:32:33,534 INFO [test_flights_search] | test_flights_search.py(test_flights_search:28) | - flights type selected is: Economy
2023-11-02 13:32:33,963 INFO [test_flights_search] | test_flights_search.py(test_flights_search:32) | - one way is selected
2023-11-02 13:32:34,223 INFO [test_flights_search] | test_flights_search.py(test_flights_search:39) | - flying from SYD
2023-11-02 13:32:34,355 INFO [test_flights_search] | test_flights_search.py(test_flights_search:43) | - destination to DEL
2023-11-02 13:32:34,540 INFO [test_flights_search] | test_flights_search.py(test_flights_search:47) | - depart date is  30/10/2023
2023-11-02 13:32:34,788 INFO [test_flights_search] | test_flights_search.py(test_flights_search:57) | - number of adults are  1
2023-11-02 13:32:34,950 INFO [test_flights_search] | test_flights_search.py(test_flights_search:62) | - number of children are  1
2023-11-02 13:32:35,102 INFO [test_flights_search] | test_flights_search.py(test_flights_search:67) | - number of infants are  1
2023-11-03 11:51:05,393 INFO [test_flights_search] | test_flights_search.py(test_flights_search:27) | - Entering FLIGHTS page
2023-11-03 11:51:05,547 INFO [test_flights_search] | test_flights_search.py(test_flights_search:30) | - flights type selected is: Economy
2023-11-03 11:51:05,985 INFO [test_flights_search] | test_flights_search.py(test_flights_search:34) | - one way is selected
2023-11-03 11:51:06,204 INFO [test_flights_search] | test_flights_search.py(test_flights_search:41) | - flying from SYD
2023-11-03 11:51:06,350 INFO [test_flights_search] | test_flights_search.py(test_flights_search:45) | - destination to DEL
2023-11-03 11:51:06,498 INFO [test_flights_search] | test_flights_search.py(test_flights_search:49) | - depart date is  30/10/2023
2023-11-03 11:51:06,792 INFO [test_flights_search] | test_flights_search.py(test_flights_search:59) | - number of adults are  1
2023-11-03 11:51:06,951 INFO [test_flights_search] | test_flights_search.py(test_flights_search:64) | - number of children are  1
2023-11-03 11:51:07,095 INFO [test_flights_search] | test_flights_search.py(test_flights_search:69) | - number of infants are  1
2023-11-03 11:53:49,284 INFO [test_flights_search] | test_flights_search.py(test_flights_search:27) | - Entering FLIGHTS page
2023-11-03 11:53:49,893 INFO [test_flights_search] | test_flights_search.py(test_flights_search:30) | - flights type selected is: Economy
2023-11-03 11:53:49,943 INFO [test_flights_search] | test_flights_search.py(test_flights_search:34) | - one way is selected
2023-11-03 11:53:55,180 INFO [test_flights_search] | test_flights_search.py(test_flights_search:43) | - flying from SYD
2023-11-03 11:54:00,365 INFO [test_flights_search] | test_flights_search.py(test_flights_search:49) | - destination to DEL
2023-11-03 11:54:00,529 INFO [test_flights_search] | test_flights_search.py(test_flights_search:53) | - depart date is  30/10/2023
2023-11-03 11:54:00,770 INFO [test_flights_search] | test_flights_search.py(test_flights_search:63) | - number of adults are  1
2023-11-03 11:54:00,927 INFO [test_flights_search] | test_flights_search.py(test_flights_search:68) | - number of children are  1
2023-11-03 11:54:01,070 INFO [test_flights_search] | test_flights_search.py(test_flights_search:73) | - number of infants are  1
2023-11-03 11:57:02,263 INFO [test_flights_search] | test_flights_search.py(test_flights_search:27) | - Entering FLIGHTS page
2023-11-03 11:57:02,389 INFO [test_flights_search] | test_flights_search.py(test_flights_search:30) | - flights type selected is: Economy
2023-11-03 11:57:02,809 INFO [test_flights_search] | test_flights_search.py(test_flights_search:34) | - one way is selected
2023-11-03 11:57:08,063 INFO [test_flights_search] | test_flights_search.py(test_flights_search:43) | - flying from SYD
2023-11-03 11:57:13,254 INFO [test_flights_search] | test_flights_search.py(test_flights_search:49) | - destination to DEL
2023-11-03 11:57:13,427 INFO [test_flights_search] | test_flights_search.py(test_flights_search:53) | - depart date is  09-12-2023
2023-11-03 11:57:13,691 INFO [test_flights_search] | test_flights_search.py(test_flights_search:63) | - number of adults are  1
2023-11-03 11:57:13,845 INFO [test_flights_search] | test_flights_search.py(test_flights_search:68) | - number of children are  1
2023-11-03 11:57:13,986 INFO [test_flights_search] | test_flights_search.py(test_flights_search:73) | - number of infants are  1
2023-11-04 12:06:22,510 INFO [test_flights_search] | test_flights_search.py(test_flights_search:27) | - Entering FLIGHTS page
2023-11-04 12:06:23,124 INFO [test_flights_search] | test_flights_search.py(test_flights_search:30) | - flights type selected is: Economy
2023-11-04 12:06:23,213 INFO [test_flights_search] | test_flights_search.py(test_flights_search:34) | - one way is selected
2023-11-04 12:06:28,478 INFO [test_flights_search] | test_flights_search.py(test_flights_search:43) | - flying from SYD
2023-11-04 12:06:33,681 INFO [test_flights_search] | test_flights_search.py(test_flights_search:49) | - destination to HGH
2023-11-04 12:06:33,874 INFO [test_flights_search] | test_flights_search.py(test_flights_search:53) | - depart date is  09-12-2023
2023-11-04 12:06:34,178 INFO [test_flights_search] | test_flights_search.py(test_flights_search:63) | - number of adults are  1
2023-11-04 12:06:34,339 INFO [test_flights_search] | test_flights_search.py(test_flights_search:68) | - number of children are  1
2023-11-04 12:06:34,500 INFO [test_flights_search] | test_flights_search.py(test_flights_search:73) | - number of infants are  1
2023-11-04 12:07:32,831 INFO [test_flights_search] | test_flights_search.py(test_flights_search:81) | - expected_result: No Results Found
2023-11-04 12:07:38,002 INFO [test_flights_search] | test_flights_search.py(test_flights_search:27) | - Entering FLIGHTS page
2023-11-04 12:07:38,002 INFO [test_flights_search] | test_flights_search.py(test_flights_search:27) | - Entering FLIGHTS page
2023-11-04 12:07:38,119 INFO [test_flights_search] | test_flights_search.py(test_flights_search:30) | - flights type selected is: Economy
2023-11-04 12:07:38,119 INFO [test_flights_search] | test_flights_search.py(test_flights_search:30) | - flights type selected is: Economy
2023-11-04 12:07:38,507 INFO [test_flights_search] | test_flights_search.py(test_flights_search:34) | - one way is selected
2023-11-04 12:07:38,507 INFO [test_flights_search] | test_flights_search.py(test_flights_search:34) | - one way is selected
2023-11-04 12:07:43,692 INFO [test_flights_search] | test_flights_search.py(test_flights_search:43) | - flying from SYD
2023-11-04 12:07:43,692 INFO [test_flights_search] | test_flights_search.py(test_flights_search:43) | - flying from SYD
2023-11-04 12:07:48,803 INFO [test_flights_search] | test_flights_search.py(test_flights_search:49) | - destination to HGH
2023-11-04 12:07:48,803 INFO [test_flights_search] | test_flights_search.py(test_flights_search:49) | - destination to HGH
2023-11-04 12:07:48,973 INFO [test_flights_search] | test_flights_search.py(test_flights_search:53) | - depart date is  09-12-2023
2023-11-04 12:07:48,973 INFO [test_flights_search] | test_flights_search.py(test_flights_search:53) | - depart date is  09-12-2023
2023-11-04 12:07:49,218 INFO [test_flights_search] | test_flights_search.py(test_flights_search:63) | - number of adults are  1
2023-11-04 12:07:49,218 INFO [test_flights_search] | test_flights_search.py(test_flights_search:63) | - number of adults are  1
2023-11-04 12:07:49,384 INFO [test_flights_search] | test_flights_search.py(test_flights_search:68) | - number of children are  1
2023-11-04 12:07:49,384 INFO [test_flights_search] | test_flights_search.py(test_flights_search:68) | - number of children are  1
2023-11-04 12:07:49,545 INFO [test_flights_search] | test_flights_search.py(test_flights_search:73) | - number of infants are  1
2023-11-04 12:07:49,545 INFO [test_flights_search] | test_flights_search.py(test_flights_search:73) | - number of infants are  1
2023-11-04 12:21:50,963 INFO [test_flights_search] | test_flights_search.py(test_flights_search:27) | - Entering FLIGHTS page
2023-11-04 12:21:51,620 INFO [test_flights_search] | test_flights_search.py(test_flights_search:30) | - flights type selected is: Economy
2023-11-04 12:21:51,662 INFO [test_flights_search] | test_flights_search.py(test_flights_search:34) | - one way is selected
2023-11-04 12:21:56,899 INFO [test_flights_search] | test_flights_search.py(test_flights_search:43) | - flying from SYD
2023-11-04 12:22:02,096 INFO [test_flights_search] | test_flights_search.py(test_flights_search:49) | - destination to HGH
2023-11-04 12:22:02,269 INFO [test_flights_search] | test_flights_search.py(test_flights_search:53) | - depart date is  09-12-2023
2023-11-04 12:22:02,590 INFO [test_flights_search] | test_flights_search.py(test_flights_search:64) | - number of adults are  1
2023-11-04 12:22:02,813 INFO [test_flights_search] | test_flights_search.py(test_flights_search:70) | - number of children are  1
2023-11-04 12:22:03,021 INFO [test_flights_search] | test_flights_search.py(test_flights_search:76) | - number of infants are  1
2023-11-04 12:23:00,297 INFO [test_flights_search] | test_flights_search.py(test_flights_search:84) | - expected_result: No Results Found
2023-11-04 12:23:17,956 INFO [test_flights_search] | test_flights_search.py(test_flights_search:27) | - Entering FLIGHTS page
2023-11-04 12:23:17,956 INFO [test_flights_search] | test_flights_search.py(test_flights_search:27) | - Entering FLIGHTS page
2023-11-04 12:23:18,558 INFO [test_flights_search] | test_flights_search.py(test_flights_search:30) | - flights type selected is: Economy
2023-11-04 12:23:18,558 INFO [test_flights_search] | test_flights_search.py(test_flights_search:30) | - flights type selected is: Economy
2023-11-04 12:23:18,600 INFO [test_flights_search] | test_flights_search.py(test_flights_search:37) | - round trip is selected
2023-11-04 12:23:18,600 INFO [test_flights_search] | test_flights_search.py(test_flights_search:37) | - round trip is selected
2023-11-04 12:23:23,768 INFO [test_flights_search] | test_flights_search.py(test_flights_search:43) | - flying from DEL
2023-11-04 12:23:23,768 INFO [test_flights_search] | test_flights_search.py(test_flights_search:43) | - flying from DEL
2023-11-04 12:23:28,954 INFO [test_flights_search] | test_flights_search.py(test_flights_search:49) | - destination to NYC
2023-11-04 12:23:28,954 INFO [test_flights_search] | test_flights_search.py(test_flights_search:49) | - destination to NYC
2023-11-04 12:23:29,138 INFO [test_flights_search] | test_flights_search.py(test_flights_search:53) | - depart date is  09-12-2023
2023-11-04 12:23:29,138 INFO [test_flights_search] | test_flights_search.py(test_flights_search:53) | - depart date is  09-12-2023
2023-11-04 12:23:29,248 INFO [test_flights_search] | test_flights_search.py(test_flights_search:56) | - depart date is  09-12-2023
2023-11-04 12:23:29,248 INFO [test_flights_search] | test_flights_search.py(test_flights_search:56) | - depart date is  09-12-2023
2023-11-04 12:23:29,497 INFO [test_flights_search] | test_flights_search.py(test_flights_search:64) | - number of adults are  1
2023-11-04 12:23:29,497 INFO [test_flights_search] | test_flights_search.py(test_flights_search:64) | - number of adults are  1
2023-11-04 12:23:29,676 INFO [test_flights_search] | test_flights_search.py(test_flights_search:70) | - number of children are  1
2023-11-04 12:23:29,676 INFO [test_flights_search] | test_flights_search.py(test_flights_search:70) | - number of children are  1
2023-11-04 12:23:29,828 INFO [test_flights_search] | test_flights_search.py(test_flights_search:76) | - number of infants are  1
2023-11-04 12:23:29,828 INFO [test_flights_search] | test_flights_search.py(test_flights_search:76) | - number of infants are  1
2023-11-04 12:24:11,077 INFO [test_flights_search] | test_flights_search.py(test_flights_search:84) | - expected_result: No Results Found
2023-11-04 12:24:11,077 INFO [test_flights_search] | test_flights_search.py(test_flights_search:84) | - expected_result: No Results Found
2023-11-04 12:25:44,368 INFO [test_flights_search] | test_flights_search.py(test_flights_search:27) | - Entering FLIGHTS page
2023-11-04 12:25:44,511 INFO [test_flights_search] | test_flights_search.py(test_flights_search:30) | - flights type selected is: Economy
2023-11-04 12:25:44,931 INFO [test_flights_search] | test_flights_search.py(test_flights_search:34) | - one way is selected
2023-11-04 12:25:50,197 INFO [test_flights_search] | test_flights_search.py(test_flights_search:43) | - flying from SYD
2023-11-04 12:25:55,402 INFO [test_flights_search] | test_flights_search.py(test_flights_search:49) | - destination to HGH
2023-11-04 12:25:55,582 INFO [test_flights_search] | test_flights_search.py(test_flights_search:53) | - depart date is  09-12-2023
2023-11-04 12:25:56,002 INFO [test_flights_search] | test_flights_search.py(test_flights_search:65) | - number of adults are  1
2023-11-04 12:25:56,222 INFO [test_flights_search] | test_flights_search.py(test_flights_search:71) | - number of children are  1
2023-11-04 12:25:56,422 INFO [test_flights_search] | test_flights_search.py(test_flights_search:77) | - number of infants are  1
2023-11-04 12:26:54,144 INFO [test_flights_search] | test_flights_search.py(test_flights_search:85) | - expected_result: No Results Found
2023-11-04 12:26:59,268 INFO [test_flights_search] | test_flights_search.py(test_flights_search:27) | - Entering FLIGHTS page
2023-11-04 12:26:59,268 INFO [test_flights_search] | test_flights_search.py(test_flights_search:27) | - Entering FLIGHTS page
2023-11-04 12:26:59,374 INFO [test_flights_search] | test_flights_search.py(test_flights_search:30) | - flights type selected is: Economy
2023-11-04 12:26:59,374 INFO [test_flights_search] | test_flights_search.py(test_flights_search:30) | - flights type selected is: Economy
2023-11-04 12:26:59,801 INFO [test_flights_search] | test_flights_search.py(test_flights_search:37) | - round trip is selected
2023-11-04 12:26:59,801 INFO [test_flights_search] | test_flights_search.py(test_flights_search:37) | - round trip is selected
2023-11-04 12:27:05,025 INFO [test_flights_search] | test_flights_search.py(test_flights_search:43) | - flying from DEL
2023-11-04 12:27:05,025 INFO [test_flights_search] | test_flights_search.py(test_flights_search:43) | - flying from DEL
2023-11-04 12:27:10,208 INFO [test_flights_search] | test_flights_search.py(test_flights_search:49) | - destination to NYC
2023-11-04 12:27:10,208 INFO [test_flights_search] | test_flights_search.py(test_flights_search:49) | - destination to NYC
2023-11-04 12:27:10,381 INFO [test_flights_search] | test_flights_search.py(test_flights_search:53) | - depart date is  09-12-2023
2023-11-04 12:27:10,381 INFO [test_flights_search] | test_flights_search.py(test_flights_search:53) | - depart date is  09-12-2023
2023-11-04 12:27:10,525 INFO [test_flights_search] | test_flights_search.py(test_flights_search:57) | - depart date is  09-12-2023
2023-11-04 12:27:10,525 INFO [test_flights_search] | test_flights_search.py(test_flights_search:57) | - depart date is  09-12-2023
2023-11-04 12:29:58,281 INFO [test_flights_search] | test_flights_search.py(test_flights_search:27) | - Entering FLIGHTS page
2023-11-04 12:29:58,454 INFO [test_flights_search] | test_flights_search.py(test_flights_search:30) | - flights type selected is: Economy
2023-11-04 12:29:58,878 INFO [test_flights_search] | test_flights_search.py(test_flights_search:34) | - one way is selected
2023-11-04 12:30:04,125 INFO [test_flights_search] | test_flights_search.py(test_flights_search:43) | - flying from SYD
2023-11-04 12:30:09,313 INFO [test_flights_search] | test_flights_search.py(test_flights_search:49) | - destination to HGH
2023-11-04 12:30:09,501 INFO [test_flights_search] | test_flights_search.py(test_flights_search:53) | - depart date is  09-12-2023
2023-11-04 12:30:10,869 INFO [test_flights_search] | test_flights_search.py(test_flights_search:27) | - Entering FLIGHTS page
2023-11-04 12:30:10,869 INFO [test_flights_search] | test_flights_search.py(test_flights_search:27) | - Entering FLIGHTS page
2023-11-04 12:30:11,517 INFO [test_flights_search] | test_flights_search.py(test_flights_search:30) | - flights type selected is: Economy
2023-11-04 12:30:11,517 INFO [test_flights_search] | test_flights_search.py(test_flights_search:30) | - flights type selected is: Economy
2023-11-04 12:30:11,560 INFO [test_flights_search] | test_flights_search.py(test_flights_search:37) | - round trip is selected
2023-11-04 12:30:11,560 INFO [test_flights_search] | test_flights_search.py(test_flights_search:37) | - round trip is selected
2023-11-04 12:30:16,763 INFO [test_flights_search] | test_flights_search.py(test_flights_search:43) | - flying from DEL
2023-11-04 12:30:16,763 INFO [test_flights_search] | test_flights_search.py(test_flights_search:43) | - flying from DEL
2023-11-04 12:30:21,966 INFO [test_flights_search] | test_flights_search.py(test_flights_search:49) | - destination to NYC
2023-11-04 12:30:21,966 INFO [test_flights_search] | test_flights_search.py(test_flights_search:49) | - destination to NYC
2023-11-04 12:30:22,139 INFO [test_flights_search] | test_flights_search.py(test_flights_search:53) | - depart date is  09-12-2023
2023-11-04 12:30:22,139 INFO [test_flights_search] | test_flights_search.py(test_flights_search:53) | - depart date is  09-12-2023
2023-11-04 12:30:22,284 INFO [test_flights_search] | test_flights_search.py(test_flights_search:57) | - depart date is  09-12-2023
2023-11-04 12:30:22,284 INFO [test_flights_search] | test_flights_search.py(test_flights_search:57) | - depart date is  09-12-2023
2023-11-04 12:32:49,581 INFO [test_flights_search] | test_flights_search.py(test_flights_search:27) | - Entering FLIGHTS page
2023-11-04 12:32:50,250 INFO [test_flights_search] | test_flights_search.py(test_flights_search:30) | - flights type selected is: Economy
2023-11-04 12:32:50,294 INFO [test_flights_search] | test_flights_search.py(test_flights_search:34) | - one way is selected
2023-11-04 12:32:55,566 INFO [test_flights_search] | test_flights_search.py(test_flights_search:43) | - flying from SYD
2023-11-04 12:33:00,785 INFO [test_flights_search] | test_flights_search.py(test_flights_search:49) | - destination to HGH
2023-11-04 12:33:00,960 INFO [test_flights_search] | test_flights_search.py(test_flights_search:53) | - depart date is  09-12-2023
2023-11-04 12:33:01,304 INFO [test_flights_search] | test_flights_search.py(test_flights_search:65) | - number of adults are  1
2023-11-04 12:33:01,520 INFO [test_flights_search] | test_flights_search.py(test_flights_search:71) | - number of children are  1
2023-11-04 12:33:01,742 INFO [test_flights_search] | test_flights_search.py(test_flights_search:77) | - number of infants are  1
2023-11-04 12:34:00,942 INFO [test_flights_search] | test_flights_search.py(test_flights_search:85) | - expected_result: No Results Found
2023-11-04 12:34:05,838 INFO [test_flights_search] | test_flights_search.py(test_flights_search:27) | - Entering FLIGHTS page
2023-11-04 12:34:05,838 INFO [test_flights_search] | test_flights_search.py(test_flights_search:27) | - Entering FLIGHTS page
2023-11-04 12:34:06,438 INFO [test_flights_search] | test_flights_search.py(test_flights_search:30) | - flights type selected is: Economy
2023-11-04 12:34:06,438 INFO [test_flights_search] | test_flights_search.py(test_flights_search:30) | - flights type selected is: Economy
2023-11-04 12:34:06,481 INFO [test_flights_search] | test_flights_search.py(test_flights_search:37) | - round trip is selected
2023-11-04 12:34:06,481 INFO [test_flights_search] | test_flights_search.py(test_flights_search:37) | - round trip is selected
2023-11-04 12:34:11,708 INFO [test_flights_search] | test_flights_search.py(test_flights_search:43) | - flying from DEL
2023-11-04 12:34:11,708 INFO [test_flights_search] | test_flights_search.py(test_flights_search:43) | - flying from DEL
2023-11-04 12:34:16,903 INFO [test_flights_search] | test_flights_search.py(test_flights_search:49) | - destination to NYC
2023-11-04 12:34:16,903 INFO [test_flights_search] | test_flights_search.py(test_flights_search:49) | - destination to NYC
2023-11-04 12:34:17,068 INFO [test_flights_search] | test_flights_search.py(test_flights_search:53) | - depart date is  09-12-2023
2023-11-04 12:34:17,068 INFO [test_flights_search] | test_flights_search.py(test_flights_search:53) | - depart date is  09-12-2023
2023-11-04 12:34:17,245 INFO [test_flights_search] | test_flights_search.py(test_flights_search:57) | - depart date is  09-12-2023
2023-11-04 12:34:17,245 INFO [test_flights_search] | test_flights_search.py(test_flights_search:57) | - depart date is  09-12-2023
2023-11-04 12:34:18,062 INFO [test_flights_search] | test_flights_search.py(test_flights_search:65) | - number of adults are  1
2023-11-04 12:34:18,062 INFO [test_flights_search] | test_flights_search.py(test_flights_search:65) | - number of adults are  1
2023-11-04 12:34:18,273 INFO [test_flights_search] | test_flights_search.py(test_flights_search:71) | - number of children are  1
2023-11-04 12:34:18,273 INFO [test_flights_search] | test_flights_search.py(test_flights_search:71) | - number of children are  1
2023-11-04 12:34:18,484 INFO [test_flights_search] | test_flights_search.py(test_flights_search:77) | - number of infants are  1
2023-11-04 12:34:18,484 INFO [test_flights_search] | test_flights_search.py(test_flights_search:77) | - number of infants are  1
2023-11-04 12:34:59,644 INFO [test_flights_search] | test_flights_search.py(test_flights_search:85) | - expected_result: No Results Found
2023-11-04 12:34:59,644 INFO [test_flights_search] | test_flights_search.py(test_flights_search:85) | - expected_result: No Results Found
2023-11-04 12:37:14,950 INFO [test_flights_search] | test_flights_search.py(test_flights_search:27) | - Entering FLIGHTS page
2023-11-04 12:37:15,553 INFO [test_flights_search] | test_flights_search.py(test_flights_search:30) | - flights type selected is: Economy
2023-11-04 12:37:15,597 INFO [test_flights_search] | test_flights_search.py(test_flights_search:34) | - one way is selected
2023-11-04 12:37:20,840 INFO [test_flights_search] | test_flights_search.py(test_flights_search:43) | - flying from SYD
2023-11-04 12:37:26,038 INFO [test_flights_search] | test_flights_search.py(test_flights_search:49) | - destination to HGH
2023-11-04 12:37:26,210 INFO [test_flights_search] | test_flights_search.py(test_flights_search:53) | - depart date is  09-12-2023
2023-11-04 12:37:46,561 INFO [test_flights_search] | test_flights_search.py(test_flights_search:69) | - number of adults are  1
2023-11-04 12:37:46,772 INFO [test_flights_search] | test_flights_search.py(test_flights_search:75) | - number of children are  1
2023-11-04 12:37:46,977 INFO [test_flights_search] | test_flights_search.py(test_flights_search:81) | - number of infants are  1
2023-11-04 12:39:38,147 INFO [test_flights_search] | test_flights_search.py(test_flights_search:27) | - Entering FLIGHTS page
2023-11-04 12:39:38,747 INFO [test_flights_search] | test_flights_search.py(test_flights_search:30) | - flights type selected is: Economy
2023-11-04 12:39:38,790 INFO [test_flights_search] | test_flights_search.py(test_flights_search:34) | - one way is selected
2023-11-04 12:39:42,029 INFO [test_flights_search] | test_flights_search.py(test_flights_search:43) | - flying from SYD
2023-11-04 12:39:45,224 INFO [test_flights_search] | test_flights_search.py(test_flights_search:49) | - destination to HGH
2023-11-04 12:39:45,441 INFO [test_flights_search] | test_flights_search.py(test_flights_search:53) | - depart date is  09-12-2023
2023-11-04 12:39:46,248 INFO [test_flights_search] | test_flights_search.py(test_flights_search:65) | - number of adults are  1
2023-11-04 12:39:55,459 INFO [test_flights_search] | test_flights_search.py(test_flights_search:74) | - number of children are  1
2023-11-04 12:40:04,690 INFO [test_flights_search] | test_flights_search.py(test_flights_search:83) | - number of infants are  1
2023-11-04 12:47:09,110 INFO [test_flights_search] | test_flights_search.py(test_flights_search:27) | - Entering FLIGHTS page
2023-11-04 12:47:09,213 INFO [test_flights_search] | test_flights_search.py(test_flights_search:30) | - flights type selected is: Economy
2023-11-04 12:47:09,660 INFO [test_flights_search] | test_flights_search.py(test_flights_search:34) | - one way is selected
2023-11-04 12:47:12,934 INFO [test_flights_search] | test_flights_search.py(test_flights_search:43) | - flying from SYD
2023-11-04 12:47:16,117 INFO [test_flights_search] | test_flights_search.py(test_flights_search:49) | - destination to HGH
2023-11-04 12:47:16,289 INFO [test_flights_search] | test_flights_search.py(test_flights_search:53) | - depart date is  09-12-2023
2023-11-04 12:47:17,114 INFO [test_flights_search] | test_flights_search.py(test_flights_search:65) | - number of adults are  1
2023-11-04 12:47:26,327 INFO [test_flights_search] | test_flights_search.py(test_flights_search:74) | - number of children are  1
2023-11-04 12:47:35,541 INFO [test_flights_search] | test_flights_search.py(test_flights_search:83) | - number of infants are  1
2023-11-04 12:48:34,151 INFO [test_flights_search] | test_flights_search.py(test_flights_search:91) | - expected_result: No Results Found
2023-11-04 12:48:38,863 INFO [test_flights_search] | test_flights_search.py(test_flights_search:27) | - Entering FLIGHTS page
2023-11-04 12:48:38,863 INFO [test_flights_search] | test_flights_search.py(test_flights_search:27) | - Entering FLIGHTS page
2023-11-04 12:48:38,972 INFO [test_flights_search] | test_flights_search.py(test_flights_search:30) | - flights type selected is: Economy
2023-11-04 12:48:38,972 INFO [test_flights_search] | test_flights_search.py(test_flights_search:30) | - flights type selected is: Economy
2023-11-04 12:48:39,415 INFO [test_flights_search] | test_flights_search.py(test_flights_search:37) | - round trip is selected
2023-11-04 12:48:39,415 INFO [test_flights_search] | test_flights_search.py(test_flights_search:37) | - round trip is selected
2023-11-04 12:48:42,560 INFO [test_flights_search] | test_flights_search.py(test_flights_search:43) | - flying from DEL
2023-11-04 12:48:42,560 INFO [test_flights_search] | test_flights_search.py(test_flights_search:43) | - flying from DEL
2023-11-04 12:48:45,694 INFO [test_flights_search] | test_flights_search.py(test_flights_search:49) | - destination to NYC
2023-11-04 12:48:45,694 INFO [test_flights_search] | test_flights_search.py(test_flights_search:49) | - destination to NYC
2023-11-04 12:48:45,808 INFO [test_flights_search] | test_flights_search.py(test_flights_search:53) | - depart date is  23-11-2023
2023-11-04 12:48:45,808 INFO [test_flights_search] | test_flights_search.py(test_flights_search:53) | - depart date is  23-11-2023
2023-11-04 12:48:45,927 INFO [test_flights_search] | test_flights_search.py(test_flights_search:57) | - depart date is  23-11-2023
2023-11-04 12:48:45,927 INFO [test_flights_search] | test_flights_search.py(test_flights_search:57) | - depart date is  23-11-2023
2023-11-04 12:48:46,741 INFO [test_flights_search] | test_flights_search.py(test_flights_search:65) | - number of adults are  1
2023-11-04 12:48:46,741 INFO [test_flights_search] | test_flights_search.py(test_flights_search:65) | - number of adults are  1
2023-11-04 12:48:55,910 INFO [test_flights_search] | test_flights_search.py(test_flights_search:74) | - number of children are  1
2023-11-04 12:48:55,910 INFO [test_flights_search] | test_flights_search.py(test_flights_search:74) | - number of children are  1
2023-11-04 12:49:05,094 INFO [test_flights_search] | test_flights_search.py(test_flights_search:83) | - number of infants are  1
2023-11-04 12:49:05,094 INFO [test_flights_search] | test_flights_search.py(test_flights_search:83) | - number of infants are  1
2023-11-04 12:49:47,097 INFO [test_flights_search] | test_flights_search.py(test_flights_search:27) | - Entering FLIGHTS page
2023-11-04 12:49:47,211 INFO [test_flights_search] | test_flights_search.py(test_flights_search:30) | - flights type selected is: Economy
2023-11-04 12:49:47,633 INFO [test_flights_search] | test_flights_search.py(test_flights_search:34) | - one way is selected
2023-11-04 12:49:50,879 INFO [test_flights_search] | test_flights_search.py(test_flights_search:43) | - flying from SYD
2023-11-04 12:49:54,070 INFO [test_flights_search] | test_flights_search.py(test_flights_search:49) | - destination to HGH
2023-11-04 12:49:54,255 INFO [test_flights_search] | test_flights_search.py(test_flights_search:53) | - depart date is  09-12-2023
2023-11-04 12:49:54,651 INFO [test_flights_search] | test_flights_search.py(test_flights_search:65) | - number of adults are  1
2023-11-04 12:49:54,863 INFO [test_flights_search] | test_flights_search.py(test_flights_search:71) | - number of children are  1
2023-11-04 12:49:55,068 INFO [test_flights_search] | test_flights_search.py(test_flights_search:77) | - number of infants are  1
2023-11-04 12:51:27,132 INFO [test_flights_search] | test_flights_search.py(test_flights_search:85) | - expected_result: No Results Found
2023-11-04 12:51:31,812 INFO [test_flights_search] | test_flights_search.py(test_flights_search:27) | - Entering FLIGHTS page
2023-11-04 12:51:31,812 INFO [test_flights_search] | test_flights_search.py(test_flights_search:27) | - Entering FLIGHTS page
2023-11-04 12:51:32,409 INFO [test_flights_search] | test_flights_search.py(test_flights_search:30) | - flights type selected is: Economy
2023-11-04 12:51:32,409 INFO [test_flights_search] | test_flights_search.py(test_flights_search:30) | - flights type selected is: Economy
2023-11-04 12:51:32,454 INFO [test_flights_search] | test_flights_search.py(test_flights_search:37) | - round trip is selected
2023-11-04 12:51:32,454 INFO [test_flights_search] | test_flights_search.py(test_flights_search:37) | - round trip is selected
2023-11-04 12:51:35,679 INFO [test_flights_search] | test_flights_search.py(test_flights_search:43) | - flying from DEL
2023-11-04 12:51:35,679 INFO [test_flights_search] | test_flights_search.py(test_flights_search:43) | - flying from DEL
2023-11-04 12:51:38,858 INFO [test_flights_search] | test_flights_search.py(test_flights_search:49) | - destination to NYC
2023-11-04 12:51:38,858 INFO [test_flights_search] | test_flights_search.py(test_flights_search:49) | - destination to NYC
2023-11-04 12:51:39,029 INFO [test_flights_search] | test_flights_search.py(test_flights_search:53) | - depart date is  23-11-2023
2023-11-04 12:51:39,029 INFO [test_flights_search] | test_flights_search.py(test_flights_search:53) | - depart date is  23-11-2023
2023-11-04 12:51:39,166 INFO [test_flights_search] | test_flights_search.py(test_flights_search:57) | - depart date is  23-11-2023
2023-11-04 12:51:39,166 INFO [test_flights_search] | test_flights_search.py(test_flights_search:57) | - depart date is  23-11-2023
2023-11-04 12:51:39,989 INFO [test_flights_search] | test_flights_search.py(test_flights_search:65) | - number of adults are  1
2023-11-04 12:51:39,989 INFO [test_flights_search] | test_flights_search.py(test_flights_search:65) | - number of adults are  1
2023-11-04 12:51:40,191 INFO [test_flights_search] | test_flights_search.py(test_flights_search:71) | - number of children are  1
2023-11-04 12:51:40,191 INFO [test_flights_search] | test_flights_search.py(test_flights_search:71) | - number of children are  1
2023-11-04 12:51:40,400 INFO [test_flights_search] | test_flights_search.py(test_flights_search:77) | - number of infants are  1
2023-11-04 12:51:40,400 INFO [test_flights_search] | test_flights_search.py(test_flights_search:77) | - number of infants are  1
2023-11-04 12:52:11,541 INFO [test_flights_search] | test_flights_search.py(test_flights_search:85) | - expected_result: No Results Found
2023-11-04 12:52:11,541 INFO [test_flights_search] | test_flights_search.py(test_flights_search:85) | - expected_result: No Results Found
2023-11-04 13:03:49,403 INFO [test_flights_searchflights_search_001] | test_flights_search.py(test_flights_search:28) | - Entering FLIGHTS page
2023-11-04 13:03:50,026 INFO [test_flights_searchflights_search_001] | test_flights_search.py(test_flights_search:31) | - flights type selected is: Economy
2023-11-04 13:03:50,072 INFO [test_flights_searchflights_search_001] | test_flights_search.py(test_flights_search:35) | - one way is selected
2023-11-04 13:03:53,369 INFO [test_flights_searchflights_search_001] | test_flights_search.py(test_flights_search:44) | - flying from SYD
2023-11-04 13:03:56,666 INFO [test_flights_searchflights_search_001] | test_flights_search.py(test_flights_search:50) | - destination to HGH
2023-11-04 13:03:56,847 INFO [test_flights_searchflights_search_001] | test_flights_search.py(test_flights_search:54) | - depart date is  09-12-2023
2023-11-04 13:03:57,672 INFO [test_flights_searchflights_search_001] | test_flights_search.py(test_flights_search:66) | - number of adults is  1
2023-11-04 13:03:57,873 INFO [test_flights_searchflights_search_001] | test_flights_search.py(test_flights_search:72) | - number of children is  1
2023-11-04 13:03:58,079 INFO [test_flights_searchflights_search_001] | test_flights_search.py(test_flights_search:78) | - number of infants is  1
2023-11-04 13:05:13,362 INFO [test_flights_searchflights_search_001] | test_flights_search.py(test_flights_search:86) | - expected_result: No Results Found
2023-11-04 13:05:18,274 INFO [test_flights_searchflights_search_002] | test_flights_search.py(test_flights_search:28) | - Entering FLIGHTS page
2023-11-04 13:05:18,368 INFO [test_flights_searchflights_search_002] | test_flights_search.py(test_flights_search:31) | - flights type selected is: Economy
2023-11-04 13:05:18,774 INFO [test_flights_searchflights_search_002] | test_flights_search.py(test_flights_search:38) | - round trip is selected
2023-11-04 13:05:21,918 INFO [test_flights_searchflights_search_002] | test_flights_search.py(test_flights_search:44) | - flying from DEL
2023-11-04 13:05:25,035 INFO [test_flights_searchflights_search_002] | test_flights_search.py(test_flights_search:50) | - destination to NYC
2023-11-04 13:05:25,146 INFO [test_flights_searchflights_search_002] | test_flights_search.py(test_flights_search:54) | - depart date is  23-11-2023
2023-11-04 13:05:25,255 INFO [test_flights_searchflights_search_002] | test_flights_search.py(test_flights_search:58) | - depart date is  23-11-2023
2023-11-04 13:05:26,013 INFO [test_flights_searchflights_search_002] | test_flights_search.py(test_flights_search:66) | - number of adults is  1
2023-11-04 13:05:26,167 INFO [test_flights_searchflights_search_002] | test_flights_search.py(test_flights_search:72) | - number of children is  1
2023-11-04 13:05:26,314 INFO [test_flights_searchflights_search_002] | test_flights_search.py(test_flights_search:78) | - number of infants is  1
2023-11-04 13:05:57,430 INFO [test_flights_searchflights_search_002] | test_flights_search.py(test_flights_search:86) | - expected_result: No Results Found
2023-11-04 13:11:46,834 INFO [flights_search_001] | test_flights_search.py(test_flights_search:28) | - Entering FLIGHTS page
2023-11-04 13:11:46,945 INFO [flights_search_001] | test_flights_search.py(test_flights_search:31) | - flights type selected is: Economy
2023-11-04 13:11:47,366 INFO [flights_search_001] | test_flights_search.py(test_flights_search:35) | - one way is selected
2023-11-04 13:11:50,630 INFO [flights_search_001] | test_flights_search.py(test_flights_search:44) | - flying from SYD
2023-11-04 13:11:53,819 INFO [flights_search_001] | test_flights_search.py(test_flights_search:50) | - destination to HGH
2023-11-04 13:11:54,013 INFO [flights_search_001] | test_flights_search.py(test_flights_search:54) | - depart date is  09-12-2023
2023-11-04 13:11:54,850 INFO [flights_search_001] | test_flights_search.py(test_flights_search:66) | - number of adults is  1
2023-11-04 13:11:55,059 INFO [flights_search_001] | test_flights_search.py(test_flights_search:72) | - number of children is  1
2023-11-04 13:11:55,264 INFO [flights_search_001] | test_flights_search.py(test_flights_search:78) | - number of infants is  1
2023-11-04 13:13:02,017 INFO [flights_search_001] | test_flights_search.py(test_flights_search:86) | - expected_result: No Results Found
2023-11-04 13:13:06,620 INFO [flights_search_002] | test_flights_search.py(test_flights_search:28) | - Entering FLIGHTS page
2023-11-04 13:13:07,220 INFO [flights_search_002] | test_flights_search.py(test_flights_search:31) | - flights type selected is: Economy
2023-11-04 13:13:07,261 INFO [flights_search_002] | test_flights_search.py(test_flights_search:38) | - round trip is selected
2023-11-04 13:13:10,484 INFO [flights_search_002] | test_flights_search.py(test_flights_search:44) | - flying from DEL
2023-11-04 13:13:13,659 INFO [flights_search_002] | test_flights_search.py(test_flights_search:50) | - destination to NYC
2023-11-04 13:13:13,824 INFO [flights_search_002] | test_flights_search.py(test_flights_search:54) | - depart date is  23-11-2023
2023-11-04 13:13:13,997 INFO [flights_search_002] | test_flights_search.py(test_flights_search:58) | - return date is  09-01-2024
2023-11-04 13:13:14,819 INFO [flights_search_002] | test_flights_search.py(test_flights_search:66) | - number of adults is  1
2023-11-04 13:13:15,028 INFO [flights_search_002] | test_flights_search.py(test_flights_search:72) | - number of children is  1
2023-11-04 13:13:15,227 INFO [flights_search_002] | test_flights_search.py(test_flights_search:78) | - number of infants is  1
2023-11-04 13:13:46,356 INFO [flights_search_002] | test_flights_search.py(test_flights_search:86) | - expected_result: No Results Found
2023-11-04 13:16:11,802 INFO [flights_search_001] | test_flights_search.py(test_flights_search:28) | - Entering FLIGHTS page
2023-11-04 13:16:11,931 INFO [flights_search_001] | test_flights_search.py(test_flights_search:31) | - flights type selected is: Economy
2023-11-04 13:16:12,324 INFO [flights_search_001] | test_flights_search.py(test_flights_search:35) | - one way is selected
2023-11-04 13:16:15,582 INFO [flights_search_001] | test_flights_search.py(test_flights_search:44) | - flying from SYD
2023-11-04 13:16:18,766 INFO [flights_search_001] | test_flights_search.py(test_flights_search:50) | - destination to HGH
2023-11-04 13:16:18,942 INFO [flights_search_001] | test_flights_search.py(test_flights_search:54) | - depart date is  09-12-2023
2023-11-04 13:16:19,734 INFO [flights_search_001] | test_flights_search.py(test_flights_search:66) | - number of adults is  1
2023-11-04 13:16:19,938 INFO [flights_search_001] | test_flights_search.py(test_flights_search:72) | - number of children is  1
2023-11-04 13:16:20,162 INFO [flights_search_001] | test_flights_search.py(test_flights_search:78) | - number of infants is  1
2023-11-04 13:17:23,936 INFO [flights_search_001] | test_flights_search.py(test_flights_search:86) | - expected_result: No Results Found
2023-11-04 13:17:27,923 INFO [flights_search_002] | test_flights_search.py(test_flights_search:28) | - Entering FLIGHTS page
2023-11-04 13:17:28,025 INFO [flights_search_002] | test_flights_search.py(test_flights_search:31) | - flights type selected is: Economy
2023-11-04 13:17:28,441 INFO [flights_search_002] | test_flights_search.py(test_flights_search:38) | - round trip is selected
2023-11-04 13:17:31,648 INFO [flights_search_002] | test_flights_search.py(test_flights_search:44) | - flying from DEL
2023-11-04 13:17:34,836 INFO [flights_search_002] | test_flights_search.py(test_flights_search:50) | - destination to NYC
2023-11-04 13:17:34,998 INFO [flights_search_002] | test_flights_search.py(test_flights_search:54) | - depart date is  23-11-2023
2023-11-04 13:17:35,136 INFO [flights_search_002] | test_flights_search.py(test_flights_search:58) | - return date is  09-01-2024
2023-11-04 13:17:35,938 INFO [flights_search_002] | test_flights_search.py(test_flights_search:66) | - number of adults is  1
2023-11-04 13:17:36,138 INFO [flights_search_002] | test_flights_search.py(test_flights_search:72) | - number of children is  1
2023-11-04 13:17:36,334 INFO [flights_search_002] | test_flights_search.py(test_flights_search:78) | - number of infants is  1
2023-11-04 13:18:09,377 INFO [flights_search_002] | test_flights_search.py(test_flights_search:86) | - expected_result: No Results Found
2023-11-04 20:50:39,647 INFO [flights_search_001] | test_flights_search.py(test_flights_search:28) | - Entering FLIGHTS page
2023-11-04 20:50:40,250 INFO [flights_search_001] | test_flights_search.py(test_flights_search:31) | - flights type selected is: Economy
2023-11-04 20:50:40,293 INFO [flights_search_001] | test_flights_search.py(test_flights_search:35) | - one way is selected
2023-11-04 20:50:43,542 INFO [flights_search_001] | test_flights_search.py(test_flights_search:44) | - flying from LHE
2023-11-04 20:50:46,722 INFO [flights_search_001] | test_flights_search.py(test_flights_search:50) | - destination to DXB
2023-11-04 20:50:46,902 INFO [flights_search_001] | test_flights_search.py(test_flights_search:54) | - depart date is  09-12-2023
2023-11-04 20:50:47,730 INFO [flights_search_001] | test_flights_search.py(test_flights_search:66) | - number of adults is  1
2023-11-04 20:50:47,932 INFO [flights_search_001] | test_flights_search.py(test_flights_search:72) | - number of children is  1
2023-11-04 20:50:48,179 INFO [flights_search_001] | test_flights_search.py(test_flights_search:78) | - number of infants is  1
2023-11-04 20:51:32,821 INFO [flights_search_002] | test_flights_search.py(test_flights_search:28) | - Entering FLIGHTS page
2023-11-04 20:51:32,922 INFO [flights_search_002] | test_flights_search.py(test_flights_search:31) | - flights type selected is: Economy
2023-11-04 20:51:33,340 INFO [flights_search_002] | test_flights_search.py(test_flights_search:38) | - round trip is selected
2023-11-04 20:51:36,563 INFO [flights_search_002] | test_flights_search.py(test_flights_search:44) | - flying from SYD
2023-11-04 20:51:39,740 INFO [flights_search_002] | test_flights_search.py(test_flights_search:50) | - destination to HGH
2023-11-04 20:51:39,911 INFO [flights_search_002] | test_flights_search.py(test_flights_search:54) | - depart date is  23-11-2023
2023-11-04 20:51:40,071 INFO [flights_search_002] | test_flights_search.py(test_flights_search:58) | - return date is  09-01-2024
2023-11-04 20:51:40,868 INFO [flights_search_002] | test_flights_search.py(test_flights_search:66) | - number of adults is  1
2023-11-04 20:51:41,067 INFO [flights_search_002] | test_flights_search.py(test_flights_search:72) | - number of children is  1
2023-11-04 20:51:41,269 INFO [flights_search_002] | test_flights_search.py(test_flights_search:78) | - number of infants is  1
2023-11-04 20:52:12,594 INFO [flights_search_002] | test_flights_search.py(test_flights_search:90) | - expected_result: No Results Found
2023-11-04 20:54:59,985 INFO [flights_search_001] | test_flights_search.py(test_flights_search:28) | - Entering FLIGHTS page
2023-11-04 20:55:00,174 INFO [flights_search_001] | test_flights_search.py(test_flights_search:31) | - flights type selected is: Economy
2023-11-04 20:55:00,592 INFO [flights_search_001] | test_flights_search.py(test_flights_search:35) | - one way is selected
2023-11-04 20:55:03,859 INFO [flights_search_001] | test_flights_search.py(test_flights_search:44) | - flying from LHE
2023-11-04 20:55:07,060 INFO [flights_search_001] | test_flights_search.py(test_flights_search:50) | - destination to DXB
2023-11-04 20:55:07,230 INFO [flights_search_001] | test_flights_search.py(test_flights_search:54) | - depart date is  09-12-2023
2023-11-04 20:55:08,044 INFO [flights_search_001] | test_flights_search.py(test_flights_search:66) | - number of adults is  1
2023-11-04 20:55:08,262 INFO [flights_search_001] | test_flights_search.py(test_flights_search:72) | - number of children is  1
2023-11-04 20:55:08,463 INFO [flights_search_001] | test_flights_search.py(test_flights_search:78) | - number of infants is  1
2023-11-04 20:55:29,564 INFO [flights_search_001] | test_flights_search.py(test_flights_search:87) | - expected_result:  15 Flights Found
2023-11-04 20:55:32,999 INFO [flights_search_002] | test_flights_search.py(test_flights_search:28) | - Entering FLIGHTS page
2023-11-04 20:55:33,591 INFO [flights_search_002] | test_flights_search.py(test_flights_search:31) | - flights type selected is: Economy
2023-11-04 20:55:33,640 INFO [flights_search_002] | test_flights_search.py(test_flights_search:38) | - round trip is selected
2023-11-04 20:55:36,837 INFO [flights_search_002] | test_flights_search.py(test_flights_search:44) | - flying from SYD
2023-11-04 20:55:40,017 INFO [flights_search_002] | test_flights_search.py(test_flights_search:50) | - destination to HGH
2023-11-04 20:55:40,183 INFO [flights_search_002] | test_flights_search.py(test_flights_search:54) | - depart date is  23-11-2023
2023-11-04 20:55:40,335 INFO [flights_search_002] | test_flights_search.py(test_flights_search:58) | - return date is  09-01-2024
2023-11-04 20:55:40,726 INFO [flights_search_002] | test_flights_search.py(test_flights_search:66) | - number of adults is  1
2023-11-04 20:55:40,945 INFO [flights_search_002] | test_flights_search.py(test_flights_search:72) | - number of children is  1
2023-11-04 20:55:41,168 INFO [flights_search_002] | test_flights_search.py(test_flights_search:78) | - number of infants is  1
2023-11-04 20:55:57,321 INFO [flights_search_002] | test_flights_search.py(test_flights_search:91) | - expected_result: No Results Found
2023-11-04 21:04:35,817 INFO [flights_search_001] | test_flights_search.py(test_flights_search:28) | - Entering FLIGHTS page
2023-11-04 21:04:36,420 INFO [flights_search_001] | test_flights_search.py(test_flights_search:31) | - flights type selected is: Economy
2023-11-04 21:04:36,461 INFO [flights_search_001] | test_flights_search.py(test_flights_search:35) | - one way is selected
2023-11-04 21:04:39,719 INFO [flights_search_001] | test_flights_search.py(test_flights_search:44) | - flying from LHE
2023-11-04 21:04:42,910 INFO [flights_search_001] | test_flights_search.py(test_flights_search:50) | - destination to DXB
2023-11-04 21:04:43,077 INFO [flights_search_001] | test_flights_search.py(test_flights_search:54) | - depart date is  09-12-2023
2023-11-04 21:04:43,878 INFO [flights_search_001] | test_flights_search.py(test_flights_search:66) | - number of adults is  1
2023-11-04 21:04:44,090 INFO [flights_search_001] | test_flights_search.py(test_flights_search:72) | - number of children is  1
2023-11-04 21:04:44,305 INFO [flights_search_001] | test_flights_search.py(test_flights_search:78) | - number of infants is  1
2023-11-04 21:05:03,191 INFO [flights_search_001] | test_flights_search.py(test_flights_search:87) | - expected_result:  48 Flights Found
2023-11-04 21:05:04,273 INFO [flights_search_002] | test_flights_search.py(test_flights_search:28) | - Entering FLIGHTS page
2023-11-04 21:05:04,862 INFO [flights_search_002] | test_flights_search.py(test_flights_search:31) | - flights type selected is: Economy
2023-11-04 21:05:04,906 INFO [flights_search_002] | test_flights_search.py(test_flights_search:38) | - round trip is selected
2023-11-04 21:05:08,113 INFO [flights_search_002] | test_flights_search.py(test_flights_search:44) | - flying from SYD
2023-11-04 21:05:11,286 INFO [flights_search_002] | test_flights_search.py(test_flights_search:50) | - destination to HGH
2023-11-04 21:05:11,452 INFO [flights_search_002] | test_flights_search.py(test_flights_search:54) | - depart date is  23-11-2023
2023-11-04 21:05:11,606 INFO [flights_search_002] | test_flights_search.py(test_flights_search:58) | - return date is  09-01-2024
2023-11-04 21:05:12,406 INFO [flights_search_002] | test_flights_search.py(test_flights_search:66) | - number of adults is  1
2023-11-04 21:05:12,619 INFO [flights_search_002] | test_flights_search.py(test_flights_search:72) | - number of children is  1
2023-11-04 21:05:12,811 INFO [flights_search_002] | test_flights_search.py(test_flights_search:78) | - number of infants is  1
2023-11-04 21:05:29,798 INFO [flights_search_002] | test_flights_search.py(test_flights_search:91) | - expected_result: No Results Found
2023-11-05 19:52:06,507 INFO [flights_search_001] | test_flights_search.py(test_flights_search:28) | - Entering FLIGHTS page
2023-11-05 19:52:06,671 INFO [flights_search_001] | test_flights_search.py(test_flights_search:31) | - flights type selected is: Economy
2023-11-05 19:52:07,074 INFO [flights_search_001] | test_flights_search.py(test_flights_search:35) | - one way is selected
2023-11-05 19:52:10,349 INFO [flights_search_001] | test_flights_search.py(test_flights_search:44) | - flying from LHE
2023-11-05 19:52:13,543 INFO [flights_search_001] | test_flights_search.py(test_flights_search:50) | - destination to DXB
2023-11-05 19:52:13,735 INFO [flights_search_001] | test_flights_search.py(test_flights_search:54) | - depart date is  09-12-2023
2023-11-05 19:52:14,586 INFO [flights_search_001] | test_flights_search.py(test_flights_search:66) | - number of adults is  1
2023-11-05 19:52:14,817 INFO [flights_search_001] | test_flights_search.py(test_flights_search:72) | - number of children is  1
2023-11-05 19:52:15,033 INFO [flights_search_001] | test_flights_search.py(test_flights_search:78) | - number of infants is  1
2023-11-05 19:52:35,301 INFO [flights_search_001] | test_flights_search.py(test_flights_search:87) | - expected_result:  53 Flights Found
2023-11-05 19:52:36,574 INFO [flights_search_002] | test_flights_search.py(test_flights_search:28) | - Entering FLIGHTS page
2023-11-05 19:52:36,668 INFO [flights_search_002] | test_flights_search.py(test_flights_search:31) | - flights type selected is: Economy
2023-11-05 19:52:37,080 INFO [flights_search_002] | test_flights_search.py(test_flights_search:38) | - round trip is selected
2023-11-05 19:52:40,305 INFO [flights_search_002] | test_flights_search.py(test_flights_search:44) | - flying from SYD
2023-11-05 19:52:43,495 INFO [flights_search_002] | test_flights_search.py(test_flights_search:50) | - destination to HGH
2023-11-05 19:52:43,676 INFO [flights_search_002] | test_flights_search.py(test_flights_search:54) | - depart date is  23-11-2023
2023-11-05 19:52:43,828 INFO [flights_search_002] | test_flights_search.py(test_flights_search:58) | - return date is  09-01-2024
2023-11-05 19:52:44,631 INFO [flights_search_002] | test_flights_search.py(test_flights_search:66) | - number of adults is  1
2023-11-05 19:52:44,876 INFO [flights_search_002] | test_flights_search.py(test_flights_search:72) | - number of children is  1
2023-11-05 19:52:45,097 INFO [flights_search_002] | test_flights_search.py(test_flights_search:78) | - number of infants is  1
2023-11-05 19:53:02,498 INFO [flights_search_002] | test_flights_search.py(test_flights_search:91) | - expected_result: No Results Found
2023-11-05 19:54:55,286 INFO [flights_search_001] | test_flights_search.py(test_flights_search:28) | - Entering FLIGHTS page
2023-11-05 19:54:55,488 INFO [flights_search_001] | test_flights_search.py(test_flights_search:31) | - flights type selected is: Economy
2023-11-05 19:54:55,835 INFO [flights_search_001] | test_flights_search.py(test_flights_search:38) | - round trip is selected
2023-11-05 19:54:59,129 INFO [flights_search_001] | test_flights_search.py(test_flights_search:44) | - flying from LHE
2023-11-05 19:55:02,337 INFO [flights_search_001] | test_flights_search.py(test_flights_search:50) | - destination to DXB
2023-11-05 19:55:02,515 INFO [flights_search_001] | test_flights_search.py(test_flights_search:54) | - depart date is  09-12-2023
2023-11-05 19:55:02,691 INFO [flights_search_001] | test_flights_search.py(test_flights_search:58) | - return date is  30-12-2023
2023-11-05 19:55:03,507 INFO [flights_search_001] | test_flights_search.py(test_flights_search:66) | - number of adults is  2
2023-11-05 19:55:03,748 INFO [flights_search_001] | test_flights_search.py(test_flights_search:72) | - number of children is  2
2023-11-05 19:55:03,960 INFO [flights_search_001] | test_flights_search.py(test_flights_search:78) | - number of infants is  1
2023-11-05 19:55:30,371 INFO [flights_search_001] | test_flights_search.py(test_flights_search:87) | - expected_result:  272 Flights Found
2023-11-05 19:55:31,300 INFO [flights_search_002] | test_flights_search.py(test_flights_search:28) | - Entering FLIGHTS page
2023-11-05 19:55:31,956 INFO [flights_search_002] | test_flights_search.py(test_flights_search:31) | - flights type selected is: Economy
2023-11-05 19:55:32,000 INFO [flights_search_002] | test_flights_search.py(test_flights_search:35) | - one way is selected
2023-11-05 19:55:35,212 INFO [flights_search_002] | test_flights_search.py(test_flights_search:44) | - flying from SYD
2023-11-05 19:55:38,409 INFO [flights_search_002] | test_flights_search.py(test_flights_search:50) | - destination to HGH
2023-11-05 19:55:38,585 INFO [flights_search_002] | test_flights_search.py(test_flights_search:54) | - depart date is  23-11-2023
2023-11-05 19:55:39,420 INFO [flights_search_002] | test_flights_search.py(test_flights_search:66) | - number of adults is  2
2023-11-05 19:55:39,645 INFO [flights_search_002] | test_flights_search.py(test_flights_search:72) | - number of children is  0
2023-11-05 19:55:39,869 INFO [flights_search_002] | test_flights_search.py(test_flights_search:78) | - number of infants is  1
2023-11-05 20:00:53,434 INFO [flights_search_002] | test_flights_search.py(test_flights_search:28) | - Entering FLIGHTS page
2023-11-05 20:00:53,535 INFO [flights_search_002] | test_flights_search.py(test_flights_search:31) | - flights type selected is: Economy
2023-11-05 20:00:53,963 INFO [flights_search_002] | test_flights_search.py(test_flights_search:35) | - one way is selected
2023-11-05 20:00:57,222 INFO [flights_search_002] | test_flights_search.py(test_flights_search:44) | - flying from NYC
2023-11-05 20:01:00,423 INFO [flights_search_002] | test_flights_search.py(test_flights_search:50) | - destination to NEW
2023-11-05 20:01:00,608 INFO [flights_search_002] | test_flights_search.py(test_flights_search:54) | - depart date is  23-11-2023
2023-11-05 20:01:01,492 INFO [flights_search_002] | test_flights_search.py(test_flights_search:66) | - number of adults is  2
2023-11-05 20:01:01,709 INFO [flights_search_002] | test_flights_search.py(test_flights_search:72) | - number of children is  0
2023-11-05 20:01:01,935 INFO [flights_search_002] | test_flights_search.py(test_flights_search:78) | - number of infants is  1
2023-11-05 20:01:20,272 INFO [flights_search_002] | test_flights_search.py(test_flights_search:91) | - expected_result: No Results Found
2023-11-05 20:02:01,906 INFO [flights_search_001] | test_flights_search.py(test_flights_search:28) | - Entering FLIGHTS page
2023-11-05 20:02:02,565 INFO [flights_search_001] | test_flights_search.py(test_flights_search:31) | - flights type selected is: Economy
2023-11-05 20:02:02,609 INFO [flights_search_001] | test_flights_search.py(test_flights_search:38) | - round trip is selected
2023-11-05 20:02:05,853 INFO [flights_search_001] | test_flights_search.py(test_flights_search:44) | - flying from LHE
2023-11-05 20:02:09,053 INFO [flights_search_001] | test_flights_search.py(test_flights_search:50) | - destination to DXB
2023-11-05 20:02:09,237 INFO [flights_search_001] | test_flights_search.py(test_flights_search:54) | - depart date is  09-12-2023
2023-11-05 20:02:09,400 INFO [flights_search_001] | test_flights_search.py(test_flights_search:58) | - return date is  30-12-2023
2023-11-05 20:02:10,241 INFO [flights_search_001] | test_flights_search.py(test_flights_search:66) | - number of adults is  2
2023-11-05 20:02:10,462 INFO [flights_search_001] | test_flights_search.py(test_flights_search:72) | - number of children is  2
2023-11-05 20:02:10,680 INFO [flights_search_001] | test_flights_search.py(test_flights_search:78) | - number of infants is  1
2023-11-05 20:02:34,934 INFO [flights_search_001] | test_flights_search.py(test_flights_search:87) | - expected_result:  272 Flights Found
2023-11-05 20:02:36,563 INFO [flights_search_002] | test_flights_search.py(test_flights_search:28) | - Entering FLIGHTS page
2023-11-05 20:02:36,702 INFO [flights_search_002] | test_flights_search.py(test_flights_search:31) | - flights type selected is: Economy
2023-11-05 20:02:37,081 INFO [flights_search_002] | test_flights_search.py(test_flights_search:35) | - one way is selected
2023-11-05 20:02:40,303 INFO [flights_search_002] | test_flights_search.py(test_flights_search:44) | - flying from NYC
2023-11-05 20:02:43,488 INFO [flights_search_002] | test_flights_search.py(test_flights_search:50) | - destination to NEW
2023-11-05 20:02:43,655 INFO [flights_search_002] | test_flights_search.py(test_flights_search:54) | - depart date is  23-11-2023
2023-11-05 20:02:44,480 INFO [flights_search_002] | test_flights_search.py(test_flights_search:66) | - number of adults is  2
2023-11-05 20:02:44,690 INFO [flights_search_002] | test_flights_search.py(test_flights_search:72) | - number of children is  0
2023-11-05 20:02:44,902 INFO [flights_search_002] | test_flights_search.py(test_flights_search:78) | - number of infants is  1
2023-11-05 20:03:02,346 INFO [flights_search_002] | test_flights_search.py(test_flights_search:91) | - expected_result: No Results Found
